[2025-10-27 01:24:23.363] [INFO] ========================================
[2025-10-27 01:24:23.364] [INFO] Basic Window Example
[2025-10-27 01:24:23.366] [INFO] ========================================
[2025-10-27 01:24:23.366] [DEBUG] Creating Renderer - allocating OpenGLContext...
[2025-10-27 01:24:23.366] [DEBUG] Creating Renderer - allocating RenderState...
[2025-10-27 01:26:08.887] [INFO] ========================================
[2025-10-27 01:26:08.888] [INFO] Basic Window Example
[2025-10-27 01:26:08.888] [INFO] ========================================
[2025-10-27 01:26:08.888] [DEBUG] Creating Renderer - allocating OpenGLContext...
[2025-10-27 01:26:08.888] [DEBUG] Creating Renderer - allocating RenderState...
[2025-10-27 01:26:08.889] [DEBUG] Renderer constructor completed
[2025-10-27 01:26:08.889] [INFO] ========================================
[2025-10-27 01:26:08.889] [INFO] Initializing RenderEngine...
[2025-10-27 01:26:08.889] [INFO] ========================================
[2025-10-27 01:26:08.889] [DEBUG] Parameters: title="01 - Basic Window", size=1280x720
[2025-10-27 01:26:08.889] [DEBUG] Calling OpenGLContext::Initialize...
[2025-10-27 01:26:08.889] [INFO] Initializing OpenGL Context...
[2025-10-27 01:26:08.889] [DEBUG] Window size: 1280x720
[2025-10-27 01:26:08.889] [DEBUG] Step 1: Initializing SDL...
[2025-10-27 01:26:08.927] [INFO] SDL initialized successfully
[2025-10-27 01:26:08.928] [DEBUG] Step 2: Creating window...
[2025-10-27 01:26:08.928] [DEBUG] Setting SDL OpenGL attributes...
[2025-10-27 01:26:08.928] [DEBUG] SDL OpenGL attributes set, creating window...
[2025-10-27 01:26:09.230] [INFO] Window created successfully: 1280x720
[2025-10-27 01:26:09.231] [DEBUG] Window created successfully
[2025-10-27 01:26:09.231] [DEBUG] Step 3: Creating OpenGL context...
[2025-10-27 01:26:09.231] [DEBUG] Creating OpenGL context from window...
[2025-10-27 01:26:09.238] [INFO] OpenGL context created successfully
[2025-10-27 01:26:09.238] [DEBUG] Making context current...
[2025-10-27 01:26:09.238] [DEBUG] Context made current successfully
[2025-10-27 01:26:09.238] [DEBUG] OpenGL context created successfully
[2025-10-27 01:26:09.238] [DEBUG] Step 4: Initializing GLAD...
[2025-10-27 01:26:09.238] [DEBUG] Loading OpenGL functions with GLAD...
[2025-10-27 01:26:09.243] [INFO] GLAD initialized successfully
[2025-10-27 01:26:09.243] [DEBUG] OpenGL function pointers loaded
[2025-10-27 01:26:09.243] [DEBUG] GLAD initialized successfully
[2025-10-27 01:26:09.244] [DEBUG] Step 5: Logging OpenGL info...
[2025-10-27 01:26:09.244] [INFO] OpenGL Information:
[2025-10-27 01:26:09.244] [INFO]   Version: 4.5.0 NVIDIA 560.81
[2025-10-27 01:26:09.244] [INFO]   Vendor: NVIDIA Corporation
[2025-10-27 01:26:09.244] [INFO]   Renderer: NVIDIA GeForce RTX 3070 Ti Laptop GPU/PCIe/SSE2
[2025-10-27 01:26:09.244] [INFO]   GLSL Version: 4.50 NVIDIA
[2025-10-27 01:26:09.245] [INFO]   Context Version: 4.5
[2025-10-27 01:26:09.245] [DEBUG] Step 6: Setting up OpenGL state...
[2025-10-27 01:26:09.245] [INFO] OpenGL Context initialized successfully
[2025-10-27 01:26:09.246] [DEBUG] OpenGLContext::Initialize completed successfully
[2025-10-27 01:26:09.246] [DEBUG] Resetting render state...
[2025-10-27 01:26:09.246] [DEBUG] RenderState::Reset - Applying default render states...
[2025-10-27 01:26:09.246] [DEBUG] RenderState::Reset completed
[2025-10-27 01:26:09.247] [DEBUG] Render state reset completed
[2025-10-27 01:26:09.247] [DEBUG] Getting initial time...
[2025-10-27 01:26:09.247] [INFO] ========================================
[2025-10-27 01:26:09.248] [INFO] RenderEngine initialized successfully!
[2025-10-27 01:26:09.248] [INFO] ========================================
[2025-10-27 01:26:09.249] [INFO] VSync enabled
[2025-10-27 01:26:09.250] [INFO] Renderer initialized successfully
[2025-10-27 01:26:09.250] [INFO] Press ESC to exit
[2025-10-27 01:26:10.261] [INFO] FPS: 139.720551 | Frame Time: 5.999923ms
[2025-10-27 01:26:11.267] [INFO] FPS: 165.174133 | Frame Time: 6.000042ms
[2025-10-27 01:26:12.135] [INFO] Fullscreen enabled
[2025-10-27 01:26:12.135] [INFO] Fullscreen enabled
[2025-10-27 01:26:12.267] [INFO] FPS: 169.830139 | Frame Time: 5.999804ms
[2025-10-27 01:26:12.734] [INFO] Fullscreen disabled
[2025-10-27 01:26:12.734] [INFO] Fullscreen disabled
[2025-10-27 01:26:13.274] [INFO] FPS: 164.179092 | Frame Time: 6.000042ms
[2025-10-27 01:26:14.272] [INFO] FPS: 164.000000 | Frame Time: 6.000042ms
[2025-10-27 01:26:15.273] [INFO] FPS: 165.000000 | Frame Time: 6.000042ms
[2025-10-27 01:26:16.179] [INFO] Total frames rendered: 1107
[2025-10-27 01:26:16.180] [INFO] Shutting down RenderEngine...
[2025-10-27 01:26:16.180] [INFO] Shutting down OpenGL Context...
[2025-10-27 01:26:16.229] [INFO] OpenGL Context shut down successfully
[2025-10-27 01:26:16.233] [INFO] RenderEngine shut down successfully
[2025-10-27 01:26:16.233] [INFO] Exiting...
[2025-10-27 01:33:10.999] [INFO] ========================================
[2025-10-27 01:33:11.000] [INFO] Basic Window Example
[2025-10-27 01:33:11.001] [INFO] ========================================
[2025-10-27 01:33:11.001] [INFO] ========================================
[2025-10-27 01:33:11.001] [INFO] Initializing RenderEngine...
[2025-10-27 01:33:11.001] [INFO] ========================================
[2025-10-27 01:33:11.001] [INFO] Initializing OpenGL Context...
[2025-10-27 01:33:11.035] [INFO] SDL initialized successfully
[2025-10-27 01:33:11.232] [INFO] Window created: 1280x720
[2025-10-27 01:33:11.237] [INFO] OpenGL context created
[2025-10-27 01:33:11.242] [INFO] GLAD initialized
[2025-10-27 01:33:11.242] [INFO] OpenGL Information:
[2025-10-27 01:33:11.242] [INFO]   Version: 4.5.0 NVIDIA 560.81
[2025-10-27 01:33:11.242] [INFO]   Vendor: NVIDIA Corporation
[2025-10-27 01:33:11.242] [INFO]   Renderer: NVIDIA GeForce RTX 3070 Ti Laptop GPU/PCIe/SSE2
[2025-10-27 01:33:11.243] [INFO]   GLSL Version: 4.50 NVIDIA
[2025-10-27 01:33:11.243] [INFO]   Context Version: 4.5
[2025-10-27 01:33:11.243] [INFO] OpenGL Context initialized successfully
[2025-10-27 01:33:11.244] [INFO] ========================================
[2025-10-27 01:33:11.244] [INFO] RenderEngine initialized successfully!
[2025-10-27 01:33:11.244] [INFO] ========================================
[2025-10-27 01:33:11.244] [INFO] VSync enabled
[2025-10-27 01:33:11.245] [INFO] Renderer initialized successfully
[2025-10-27 01:33:11.245] [INFO] Press ESC to exit
[2025-10-27 01:33:12.259] [INFO] FPS: 142.572281 | Frame Time: 6.000042ms
[2025-10-27 01:33:13.259] [INFO] FPS: 164.999985 | Frame Time: 6.000042ms
[2025-10-27 01:33:14.259] [INFO] FPS: 165.000000 | Frame Time: 5.000114ms
[2025-10-27 01:33:15.264] [INFO] FPS: 165.174149 | Frame Time: 6.000042ms
[2025-10-27 01:33:16.265] [INFO] FPS: 164.999924 | Frame Time: 5.999565ms
[2025-10-27 01:33:17.264] [INFO] FPS: 164.835175 | Frame Time: 5.000114ms
[2025-10-27 01:33:18.270] [INFO] FPS: 165.174118 | Frame Time: 6.000042ms
[2025-10-27 01:33:18.309] [INFO] Fullscreen enabled
[2025-10-27 01:33:18.309] [INFO] Fullscreen enabled
[2025-10-27 01:33:18.777] [INFO] Fullscreen disabled
[2025-10-27 01:33:18.777] [INFO] Fullscreen disabled
[2025-10-27 01:33:19.270] [INFO] FPS: 170.000000 | Frame Time: 5.999565ms
[2025-10-27 01:33:20.270] [INFO] FPS: 165.000000 | Frame Time: 5.999565ms
[2025-10-27 01:33:21.270] [INFO] FPS: 165.000000 | Frame Time: 5.999565ms
[2025-10-27 01:33:21.343] [INFO] Total frames rendered: 1649
[2025-10-27 01:33:21.343] [INFO] Shutting down RenderEngine...
[2025-10-27 01:33:21.343] [INFO] Shutting down OpenGL Context...
[2025-10-27 01:33:21.400] [INFO] OpenGL Context shut down successfully
[2025-10-27 01:33:21.400] [INFO] RenderEngine shut down successfully
[2025-10-27 01:33:21.400] [INFO] Exiting...
